0 info it worked if it ends with ok
1 verbose cli [ '/usr/local/Cellar/node/5.0.0/bin/node',
1 verbose cli   '/usr/local/bin/npm',
1 verbose cli   'install',
1 verbose cli   'node-snowball',
1 verbose cli   '--save' ]
2 info using npm@3.3.9
3 info using node@v5.0.0
4 silly loadCurrentTree Starting
5 silly install loadCurrentTree
6 silly install readLocalPackageData
7 silly fetchPackageMetaData node-snowball
8 silly fetchNamedPackageData node-snowball
9 silly mapToRegistry name node-snowball
10 silly mapToRegistry using default registry
11 silly mapToRegistry registry https://registry.npmjs.org/
12 silly mapToRegistry uri https://registry.npmjs.org/node-snowball
13 verbose request uri https://registry.npmjs.org/node-snowball
14 verbose request no auth needed
15 info attempt registry request try #1 at 8:31:18 AM
16 verbose request id 6a0c1fc5996ef6d5
17 http request GET https://registry.npmjs.org/node-snowball
18 http 200 https://registry.npmjs.org/node-snowball
19 verbose headers { server: 'nginx/1.10.1',
19 verbose headers   'content-type': 'application/json',
19 verbose headers   'last-modified': 'Wed, 06 Aug 2014 03:43:26 GMT',
19 verbose headers   etag: 'W/"53e1a45e-2f03"',
19 verbose headers   'content-encoding': 'gzip',
19 verbose headers   'cache-control': 'max-age=300',
19 verbose headers   'content-length': '2779',
19 verbose headers   'accept-ranges': 'bytes',
19 verbose headers   date: 'Wed, 16 Nov 2016 13:31:16 GMT',
19 verbose headers   via: '1.1 varnish',
19 verbose headers   age: '0',
19 verbose headers   connection: 'keep-alive',
19 verbose headers   'x-served-by': 'cache-jfk8140-JFK',
19 verbose headers   'x-cache': 'MISS',
19 verbose headers   'x-cache-hits': '0',
19 verbose headers   'x-timer': 'S1479303076.254529,VS0,VE76',
19 verbose headers   vary: 'Accept-Encoding' }
20 silly get cb [ 200,
20 silly get   { server: 'nginx/1.10.1',
20 silly get     'content-type': 'application/json',
20 silly get     'last-modified': 'Wed, 06 Aug 2014 03:43:26 GMT',
20 silly get     etag: 'W/"53e1a45e-2f03"',
20 silly get     'content-encoding': 'gzip',
20 silly get     'cache-control': 'max-age=300',
20 silly get     'content-length': '2779',
20 silly get     'accept-ranges': 'bytes',
20 silly get     date: 'Wed, 16 Nov 2016 13:31:16 GMT',
20 silly get     via: '1.1 varnish',
20 silly get     age: '0',
20 silly get     connection: 'keep-alive',
20 silly get     'x-served-by': 'cache-jfk8140-JFK',
20 silly get     'x-cache': 'MISS',
20 silly get     'x-cache-hits': '0',
20 silly get     'x-timer': 'S1479303076.254529,VS0,VE76',
20 silly get     vary: 'Accept-Encoding' } ]
21 verbose get saving node-snowball to /Users/Zack/.npm/registry.npmjs.org/node-snowball/.cache.json
22 silly install normalizeTree
23 silly loadCurrentTree Finishing
24 silly loadIdealTree Starting
25 silly install loadIdealTree
26 silly cloneCurrentTree Starting
27 silly install cloneCurrentTreeToIdealTree
28 silly cloneCurrentTree Finishing
29 silly loadShrinkwrap Starting
30 silly install loadShrinkwrap
31 silly loadShrinkwrap Finishing
32 silly loadAllDepsIntoIdealTree Starting
33 silly install loadAllDepsIntoIdealTree
34 silly resolveWithNewModule node-snowball@0.1.15 checking installable status
35 silly cache add args [ 'node-snowball', null ]
36 verbose cache add spec node-snowball
37 silly cache add parsed spec Result {
37 silly cache add   raw: 'node-snowball',
37 silly cache add   scope: null,
37 silly cache add   name: 'node-snowball',
37 silly cache add   rawSpec: '',
37 silly cache add   spec: '*',
37 silly cache add   type: 'range' }
38 silly addNamed node-snowball@*
39 verbose addNamed "*" is a valid semver range for node-snowball
40 silly addNameRange { name: 'node-snowball', range: '*', hasData: false }
41 silly mapToRegistry name node-snowball
42 silly mapToRegistry using default registry
43 silly mapToRegistry registry https://registry.npmjs.org/
44 silly mapToRegistry uri https://registry.npmjs.org/node-snowball
45 verbose addNameRange registry:https://registry.npmjs.org/node-snowball not in flight; fetching
46 verbose get https://registry.npmjs.org/node-snowball not expired, no request
47 silly addNameRange number 2 { name: 'node-snowball', range: '*', hasData: true }
48 silly addNameRange versions [ 'node-snowball',
48 silly addNameRange   [ '0.0.1', '0.0.2', '0.0.3', '0.1.0', '0.1.2', '0.1.12', '0.1.15' ] ]
49 silly addNamed node-snowball@0.1.15
50 verbose addNamed "0.1.15" is a plain semver version for node-snowball
51 silly mapToRegistry name node-snowball
52 silly mapToRegistry using default registry
53 silly mapToRegistry registry https://registry.npmjs.org/
54 silly mapToRegistry uri https://registry.npmjs.org/node-snowball
55 verbose addRemoteTarball https://registry.npmjs.org/node-snowball/-/node-snowball-0.1.15.tgz not in flight; adding
56 verbose addRemoteTarball [ 'https://registry.npmjs.org/node-snowball/-/node-snowball-0.1.15.tgz',
56 verbose addRemoteTarball   '5556a3e30875f561d135d6fa7e39cfa7e194a969' ]
57 info retry fetch attempt 1 at 8:31:18 AM
58 info attempt registry request try #1 at 8:31:18 AM
59 http fetch GET https://registry.npmjs.org/node-snowball/-/node-snowball-0.1.15.tgz
60 http fetch 200 https://registry.npmjs.org/node-snowball/-/node-snowball-0.1.15.tgz
61 silly fetchAndShaCheck shasum 5556a3e30875f561d135d6fa7e39cfa7e194a969
62 verbose addTmpTarball /var/folders/np/qzcmkqw53yn7hkg57dsh2f3c0000gn/T/npm-28076-4141494d/registry.npmjs.org/node-snowball/-/node-snowball-0.1.15.tgz not in flight; adding
63 verbose addTmpTarball already have metadata; skipping unpack for node-snowball@0.1.15
64 silly cache afterAdd node-snowball@0.1.15
65 verbose afterAdd /Users/Zack/.npm/node-snowball/0.1.15/package/package.json not in flight; writing
66 verbose afterAdd /Users/Zack/.npm/node-snowball/0.1.15/package/package.json written
67 silly loadAllDepsIntoIdealTree Finishing
68 silly idealTree:prePrune web_app@1.0.0
68 silly idealTree:prePrune ├── accepts@1.3.3
68 silly idealTree:prePrune ├── acorn-globals@1.0.9
68 silly idealTree:prePrune ├── acorn@2.7.0
68 silly idealTree:prePrune ├── align-text@0.1.4
68 silly idealTree:prePrune ├── amdefine@1.0.1
68 silly idealTree:prePrune ├── ansi-regex@2.0.0
68 silly idealTree:prePrune ├── ansi-styles@2.2.1
68 silly idealTree:prePrune ├── array-flatten@1.1.1
68 silly idealTree:prePrune ├── asap@1.0.0
68 silly idealTree:prePrune ├── asn1@0.2.3
68 silly idealTree:prePrune ├── assert-plus@0.2.0
68 silly idealTree:prePrune ├── async@0.2.10
68 silly idealTree:prePrune ├── asynckit@0.4.0
68 silly idealTree:prePrune ├── aws-sdk@2.6.15
68 silly idealTree:prePrune ├── aws-sign2@0.6.0
68 silly idealTree:prePrune ├── aws4@1.5.0
68 silly idealTree:prePrune ├── base64-js@1.2.0
68 silly idealTree:prePrune ├── base64-url@1.3.3
68 silly idealTree:prePrune ├── basic-auth@1.0.4
68 silly idealTree:prePrune ├── bcrypt-pbkdf@1.0.0
68 silly idealTree:prePrune ├── body-parser@1.15.2
68 silly idealTree:prePrune ├── boom@2.10.1
68 silly idealTree:prePrune ├── buffer@4.9.1
68 silly idealTree:prePrune ├── bytes@2.4.0
68 silly idealTree:prePrune ├── camelcase@1.2.1
68 silly idealTree:prePrune ├── caseless@0.11.0
68 silly idealTree:prePrune ├── center-align@0.1.3
68 silly idealTree:prePrune ├── chalk@1.1.3
68 silly idealTree:prePrune ├── character-parser@1.2.1
68 silly idealTree:prePrune ├─┬ clean-css@3.4.20
68 silly idealTree:prePrune │ └── commander@2.8.1
68 silly idealTree:prePrune ├─┬ cliui@2.1.0
68 silly idealTree:prePrune │ └── wordwrap@0.0.2
68 silly idealTree:prePrune ├── combined-stream@1.0.5
68 silly idealTree:prePrune ├── commander@2.6.0
68 silly idealTree:prePrune ├── constantinople@3.0.2
68 silly idealTree:prePrune ├── content-disposition@0.5.1
68 silly idealTree:prePrune ├── content-type@1.0.2
68 silly idealTree:prePrune ├── cookie-signature@1.0.6
68 silly idealTree:prePrune ├── cookie@0.3.1
68 silly idealTree:prePrune ├── crc@3.4.1
68 silly idealTree:prePrune ├── cryptiles@2.0.5
68 silly idealTree:prePrune ├── crypto-browserify@1.0.9
68 silly idealTree:prePrune ├── css-parse@1.0.4
68 silly idealTree:prePrune ├── css-stringify@1.0.5
68 silly idealTree:prePrune ├── css@1.0.8
68 silly idealTree:prePrune ├─┬ dashdash@1.14.0
68 silly idealTree:prePrune │ └── assert-plus@1.0.0
68 silly idealTree:prePrune ├── debug@2.2.0
68 silly idealTree:prePrune ├── decamelize@1.2.0
68 silly idealTree:prePrune ├── delayed-stream@1.0.0
68 silly idealTree:prePrune ├── depd@1.1.0
68 silly idealTree:prePrune ├── destroy@1.0.4
68 silly idealTree:prePrune ├── dynamodb-doc@1.0.0
68 silly idealTree:prePrune ├── ecc-jsbn@0.1.1
68 silly idealTree:prePrune ├── ee-first@1.1.1
68 silly idealTree:prePrune ├── encodeurl@1.0.1
68 silly idealTree:prePrune ├── escape-html@1.0.3
68 silly idealTree:prePrune ├── escape-string-regexp@1.0.5
68 silly idealTree:prePrune ├── etag@1.7.0
68 silly idealTree:prePrune ├── express-session@1.14.2
68 silly idealTree:prePrune ├── express@4.14.0
68 silly idealTree:prePrune ├── extend@3.0.0
68 silly idealTree:prePrune ├── extsprintf@1.0.2
68 silly idealTree:prePrune ├── finalhandler@0.5.0
68 silly idealTree:prePrune ├── forever-agent@0.6.1
68 silly idealTree:prePrune ├── form-data@2.1.2
68 silly idealTree:prePrune ├── forwarded@0.1.0
68 silly idealTree:prePrune ├── fresh@0.3.0
68 silly idealTree:prePrune ├── generate-function@2.0.0
68 silly idealTree:prePrune ├── generate-object-property@1.2.0
68 silly idealTree:prePrune ├─┬ getpass@0.1.6
68 silly idealTree:prePrune │ └── assert-plus@1.0.0
68 silly idealTree:prePrune ├── graceful-readlink@1.0.1
68 silly idealTree:prePrune ├─┬ har-validator@2.0.6
68 silly idealTree:prePrune │ └── commander@2.9.0
68 silly idealTree:prePrune ├── has-ansi@2.0.0
68 silly idealTree:prePrune ├── hawk@3.1.3
68 silly idealTree:prePrune ├── hoek@2.16.3
68 silly idealTree:prePrune ├── http-errors@1.5.0
68 silly idealTree:prePrune ├── http-signature@1.1.1
68 silly idealTree:prePrune ├── iconv-lite@0.4.13
68 silly idealTree:prePrune ├── ieee754@1.1.8
68 silly idealTree:prePrune ├── inherits@2.0.1
68 silly idealTree:prePrune ├── ipaddr.js@1.1.1
68 silly idealTree:prePrune ├── is-buffer@1.1.4
68 silly idealTree:prePrune ├── is-my-json-valid@2.15.0
68 silly idealTree:prePrune ├── is-promise@2.1.0
68 silly idealTree:prePrune ├── is-property@1.0.2
68 silly idealTree:prePrune ├── is-typedarray@1.0.0
68 silly idealTree:prePrune ├── isarray@1.0.0
68 silly idealTree:prePrune ├── isstream@0.1.2
68 silly idealTree:prePrune ├── jade@1.11.0
68 silly idealTree:prePrune ├── jmespath@0.15.0
68 silly idealTree:prePrune ├── jodid25519@1.0.2
68 silly idealTree:prePrune ├── jsbn@0.1.0
68 silly idealTree:prePrune ├── json-schema@0.2.3
68 silly idealTree:prePrune ├── json-stringify-safe@5.0.1
68 silly idealTree:prePrune ├── jsonpointer@4.0.0
68 silly idealTree:prePrune ├── jsprim@1.3.1
68 silly idealTree:prePrune ├── jstransformer@0.0.2
68 silly idealTree:prePrune ├── kind-of@3.0.4
68 silly idealTree:prePrune ├── lazy-cache@1.0.4
68 silly idealTree:prePrune ├── lodash@4.16.6
68 silly idealTree:prePrune ├── longest@1.0.1
68 silly idealTree:prePrune ├── media-typer@0.3.0
68 silly idealTree:prePrune ├── merge-descriptors@1.0.1
68 silly idealTree:prePrune ├── methods@1.1.2
68 silly idealTree:prePrune ├── mime-db@1.24.0
68 silly idealTree:prePrune ├── mime-types@2.1.12
68 silly idealTree:prePrune ├── mime@1.3.4
68 silly idealTree:prePrune ├── minimist@0.0.8
68 silly idealTree:prePrune ├── mkdirp@0.5.1
68 silly idealTree:prePrune ├── moment@2.15.2
68 silly idealTree:prePrune ├── morgan@1.7.0
68 silly idealTree:prePrune ├── ms@0.7.1
68 silly idealTree:prePrune ├── negotiator@0.6.1
68 silly idealTree:prePrune ├── node-snowball@0.1.15
68 silly idealTree:prePrune ├── node-uuid@1.4.7
68 silly idealTree:prePrune ├── oauth-sign@0.8.2
68 silly idealTree:prePrune ├── on-finished@2.3.0
68 silly idealTree:prePrune ├── on-headers@1.0.1
68 silly idealTree:prePrune ├── optimist@0.3.7
68 silly idealTree:prePrune ├── parseurl@1.3.1
68 silly idealTree:prePrune ├── path-to-regexp@0.1.7
68 silly idealTree:prePrune ├── path@0.12.7
68 silly idealTree:prePrune ├── pinkie-promise@2.0.1
68 silly idealTree:prePrune ├── pinkie@2.0.4
68 silly idealTree:prePrune ├── process@0.11.9
68 silly idealTree:prePrune ├── promise@6.1.0
68 silly idealTree:prePrune ├── proxy-addr@1.1.2
68 silly idealTree:prePrune ├── punycode@1.3.2
68 silly idealTree:prePrune ├── qs@6.2.0
68 silly idealTree:prePrune ├── querystring@0.2.0
68 silly idealTree:prePrune ├── random-bytes@1.0.0
68 silly idealTree:prePrune ├── range-parser@1.2.0
68 silly idealTree:prePrune ├── raw-body@2.1.7
68 silly idealTree:prePrune ├── repeat-string@1.6.1
68 silly idealTree:prePrune ├─┬ request@2.78.0
68 silly idealTree:prePrune │ └── qs@6.3.0
68 silly idealTree:prePrune ├── right-align@0.1.3
68 silly idealTree:prePrune ├── sax@1.1.5
68 silly idealTree:prePrune ├── send@0.14.1
68 silly idealTree:prePrune ├── serve-static@1.11.1
68 silly idealTree:prePrune ├── setprototypeof@1.0.1
68 silly idealTree:prePrune ├── snowball@0.3.1
68 silly idealTree:prePrune ├── sntp@1.0.9
68 silly idealTree:prePrune ├── source-map@0.4.4
68 silly idealTree:prePrune ├─┬ sshpk@1.10.1
68 silly idealTree:prePrune │ └── assert-plus@1.0.0
68 silly idealTree:prePrune ├── statuses@1.3.0
68 silly idealTree:prePrune ├── stringstream@0.0.5
68 silly idealTree:prePrune ├── strip-ansi@3.0.1
68 silly idealTree:prePrune ├── supports-color@2.0.0
68 silly idealTree:prePrune ├─┬ tough-cookie@2.3.2
68 silly idealTree:prePrune │ └── punycode@1.4.1
68 silly idealTree:prePrune ├─┬ transformers@2.1.0
68 silly idealTree:prePrune │ ├── is-promise@1.0.1
68 silly idealTree:prePrune │ ├── promise@2.0.0
68 silly idealTree:prePrune │ ├── source-map@0.1.43
68 silly idealTree:prePrune │ └── uglify-js@2.2.5
68 silly idealTree:prePrune ├── tunnel-agent@0.4.3
68 silly idealTree:prePrune ├── tweetnacl@0.14.3
68 silly idealTree:prePrune ├── type-is@1.6.13
68 silly idealTree:prePrune ├─┬ uglify-js@2.7.4
68 silly idealTree:prePrune │ └── source-map@0.5.6
68 silly idealTree:prePrune ├── uglify-to-browserify@1.0.2
68 silly idealTree:prePrune ├── uid-safe@2.1.3
68 silly idealTree:prePrune ├── unpipe@1.0.0
68 silly idealTree:prePrune ├── url@0.10.3
68 silly idealTree:prePrune ├── util@0.10.3
68 silly idealTree:prePrune ├── utils-merge@1.0.0
68 silly idealTree:prePrune ├── vary@1.1.0
68 silly idealTree:prePrune ├── verror@1.3.6
68 silly idealTree:prePrune ├── void-elements@2.0.1
68 silly idealTree:prePrune ├── window-size@0.1.0
68 silly idealTree:prePrune ├─┬ with@4.0.3
68 silly idealTree:prePrune │ └── acorn@1.2.2
68 silly idealTree:prePrune ├── wordwrap@0.0.3
68 silly idealTree:prePrune ├── xml2js@0.4.15
68 silly idealTree:prePrune ├─┬ xmlbuilder@2.6.2
68 silly idealTree:prePrune │ └── lodash@3.5.0
68 silly idealTree:prePrune ├── xtend@4.0.1
68 silly idealTree:prePrune └── yargs@3.10.0
69 silly loadIdealTree Finishing
70 silly currentTree web_app@1.0.0
70 silly currentTree ├── accepts@1.3.3
70 silly currentTree ├── acorn-globals@1.0.9
70 silly currentTree ├── acorn@2.7.0
70 silly currentTree ├── align-text@0.1.4
70 silly currentTree ├── amdefine@1.0.1
70 silly currentTree ├── ansi-regex@2.0.0
70 silly currentTree ├── ansi-styles@2.2.1
70 silly currentTree ├── array-flatten@1.1.1
70 silly currentTree ├── asap@1.0.0
70 silly currentTree ├── asn1@0.2.3
70 silly currentTree ├── assert-plus@0.2.0
70 silly currentTree ├── async@0.2.10
70 silly currentTree ├── asynckit@0.4.0
70 silly currentTree ├── aws-sdk@2.6.15
70 silly currentTree ├── aws-sign2@0.6.0
70 silly currentTree ├── aws4@1.5.0
70 silly currentTree ├── base64-js@1.2.0
70 silly currentTree ├── base64-url@1.3.3
70 silly currentTree ├── basic-auth@1.0.4
70 silly currentTree ├── bcrypt-pbkdf@1.0.0
70 silly currentTree ├── body-parser@1.15.2
70 silly currentTree ├── boom@2.10.1
70 silly currentTree ├── buffer@4.9.1
70 silly currentTree ├── bytes@2.4.0
70 silly currentTree ├── camelcase@1.2.1
70 silly currentTree ├── caseless@0.11.0
70 silly currentTree ├── center-align@0.1.3
70 silly currentTree ├── chalk@1.1.3
70 silly currentTree ├── character-parser@1.2.1
70 silly currentTree ├─┬ clean-css@3.4.20
70 silly currentTree │ └── commander@2.8.1
70 silly currentTree ├─┬ cliui@2.1.0
70 silly currentTree │ └── wordwrap@0.0.2
70 silly currentTree ├── combined-stream@1.0.5
70 silly currentTree ├── commander@2.6.0
70 silly currentTree ├── constantinople@3.0.2
70 silly currentTree ├── content-disposition@0.5.1
70 silly currentTree ├── content-type@1.0.2
70 silly currentTree ├── cookie-signature@1.0.6
70 silly currentTree ├── cookie@0.3.1
70 silly currentTree ├── crc@3.4.1
70 silly currentTree ├── cryptiles@2.0.5
70 silly currentTree ├── crypto-browserify@1.0.9
70 silly currentTree ├── css-parse@1.0.4
70 silly currentTree ├── css-stringify@1.0.5
70 silly currentTree ├── css@1.0.8
70 silly currentTree ├─┬ dashdash@1.14.0
70 silly currentTree │ └── assert-plus@1.0.0
70 silly currentTree ├── debug@2.2.0
70 silly currentTree ├── decamelize@1.2.0
70 silly currentTree ├── delayed-stream@1.0.0
70 silly currentTree ├── depd@1.1.0
70 silly currentTree ├── destroy@1.0.4
70 silly currentTree ├── dynamodb-doc@1.0.0
70 silly currentTree ├── ecc-jsbn@0.1.1
70 silly currentTree ├── ee-first@1.1.1
70 silly currentTree ├── encodeurl@1.0.1
70 silly currentTree ├── escape-html@1.0.3
70 silly currentTree ├── escape-string-regexp@1.0.5
70 silly currentTree ├── etag@1.7.0
70 silly currentTree ├── express-session@1.14.2
70 silly currentTree ├── express@4.14.0
70 silly currentTree ├── extend@3.0.0
70 silly currentTree ├── extsprintf@1.0.2
70 silly currentTree ├── finalhandler@0.5.0
70 silly currentTree ├── forever-agent@0.6.1
70 silly currentTree ├── form-data@2.1.2
70 silly currentTree ├── forwarded@0.1.0
70 silly currentTree ├── fresh@0.3.0
70 silly currentTree ├── generate-function@2.0.0
70 silly currentTree ├── generate-object-property@1.2.0
70 silly currentTree ├─┬ getpass@0.1.6
70 silly currentTree │ └── assert-plus@1.0.0
70 silly currentTree ├── graceful-readlink@1.0.1
70 silly currentTree ├─┬ har-validator@2.0.6
70 silly currentTree │ └── commander@2.9.0
70 silly currentTree ├── has-ansi@2.0.0
70 silly currentTree ├── hawk@3.1.3
70 silly currentTree ├── hoek@2.16.3
70 silly currentTree ├── http-errors@1.5.0
70 silly currentTree ├── http-signature@1.1.1
70 silly currentTree ├── iconv-lite@0.4.13
70 silly currentTree ├── ieee754@1.1.8
70 silly currentTree ├── inherits@2.0.1
70 silly currentTree ├── ipaddr.js@1.1.1
70 silly currentTree ├── is-buffer@1.1.4
70 silly currentTree ├── is-my-json-valid@2.15.0
70 silly currentTree ├── is-promise@2.1.0
70 silly currentTree ├── is-property@1.0.2
70 silly currentTree ├── is-typedarray@1.0.0
70 silly currentTree ├── isarray@1.0.0
70 silly currentTree ├── isstream@0.1.2
70 silly currentTree ├── jade@1.11.0
70 silly currentTree ├── jmespath@0.15.0
70 silly currentTree ├── jodid25519@1.0.2
70 silly currentTree ├── jsbn@0.1.0
70 silly currentTree ├── json-schema@0.2.3
70 silly currentTree ├── json-stringify-safe@5.0.1
70 silly currentTree ├── jsonpointer@4.0.0
70 silly currentTree ├── jsprim@1.3.1
70 silly currentTree ├── jstransformer@0.0.2
70 silly currentTree ├── kind-of@3.0.4
70 silly currentTree ├── lazy-cache@1.0.4
70 silly currentTree ├── lodash@4.16.6
70 silly currentTree ├── longest@1.0.1
70 silly currentTree ├── media-typer@0.3.0
70 silly currentTree ├── merge-descriptors@1.0.1
70 silly currentTree ├── methods@1.1.2
70 silly currentTree ├── mime-db@1.24.0
70 silly currentTree ├── mime-types@2.1.12
70 silly currentTree ├── mime@1.3.4
70 silly currentTree ├── minimist@0.0.8
70 silly currentTree ├── mkdirp@0.5.1
70 silly currentTree ├── moment@2.15.2
70 silly currentTree ├── morgan@1.7.0
70 silly currentTree ├── ms@0.7.1
70 silly currentTree ├── negotiator@0.6.1
70 silly currentTree ├── node-uuid@1.4.7
70 silly currentTree ├── oauth-sign@0.8.2
70 silly currentTree ├── on-finished@2.3.0
70 silly currentTree ├── on-headers@1.0.1
70 silly currentTree ├── optimist@0.3.7
70 silly currentTree ├── parseurl@1.3.1
70 silly currentTree ├── path-to-regexp@0.1.7
70 silly currentTree ├── path@0.12.7
70 silly currentTree ├── pinkie-promise@2.0.1
70 silly currentTree ├── pinkie@2.0.4
70 silly currentTree ├── process@0.11.9
70 silly currentTree ├── promise@6.1.0
70 silly currentTree ├── proxy-addr@1.1.2
70 silly currentTree ├── punycode@1.3.2
70 silly currentTree ├── qs@6.2.0
70 silly currentTree ├── querystring@0.2.0
70 silly currentTree ├── random-bytes@1.0.0
70 silly currentTree ├── range-parser@1.2.0
70 silly currentTree ├── raw-body@2.1.7
70 silly currentTree ├── repeat-string@1.6.1
70 silly currentTree ├─┬ request@2.78.0
70 silly currentTree │ └── qs@6.3.0
70 silly currentTree ├── right-align@0.1.3
70 silly currentTree ├── sax@1.1.5
70 silly currentTree ├── send@0.14.1
70 silly currentTree ├── serve-static@1.11.1
70 silly currentTree ├── setprototypeof@1.0.1
70 silly currentTree ├── snowball@0.3.1
70 silly currentTree ├── sntp@1.0.9
70 silly currentTree ├── source-map@0.4.4
70 silly currentTree ├─┬ sshpk@1.10.1
70 silly currentTree │ └── assert-plus@1.0.0
70 silly currentTree ├── statuses@1.3.0
70 silly currentTree ├── stringstream@0.0.5
70 silly currentTree ├── strip-ansi@3.0.1
70 silly currentTree ├── supports-color@2.0.0
70 silly currentTree ├─┬ tough-cookie@2.3.2
70 silly currentTree │ └── punycode@1.4.1
70 silly currentTree ├─┬ transformers@2.1.0
70 silly currentTree │ ├── is-promise@1.0.1
70 silly currentTree │ ├── promise@2.0.0
70 silly currentTree │ ├── source-map@0.1.43
70 silly currentTree │ └── uglify-js@2.2.5
70 silly currentTree ├── tunnel-agent@0.4.3
70 silly currentTree ├── tweetnacl@0.14.3
70 silly currentTree ├── type-is@1.6.13
70 silly currentTree ├─┬ uglify-js@2.7.4
70 silly currentTree │ └── source-map@0.5.6
70 silly currentTree ├── uglify-to-browserify@1.0.2
70 silly currentTree ├── uid-safe@2.1.3
70 silly currentTree ├── unpipe@1.0.0
70 silly currentTree ├── url@0.10.3
70 silly currentTree ├── util@0.10.3
70 silly currentTree ├── utils-merge@1.0.0
70 silly currentTree ├── vary@1.1.0
70 silly currentTree ├── verror@1.3.6
70 silly currentTree ├── void-elements@2.0.1
70 silly currentTree ├── window-size@0.1.0
70 silly currentTree ├─┬ with@4.0.3
70 silly currentTree │ └── acorn@1.2.2
70 silly currentTree ├── wordwrap@0.0.3
70 silly currentTree ├── xml2js@0.4.15
70 silly currentTree ├─┬ xmlbuilder@2.6.2
70 silly currentTree │ └── lodash@3.5.0
70 silly currentTree ├── xtend@4.0.1
70 silly currentTree └── yargs@3.10.0
71 silly idealTree web_app@1.0.0
71 silly idealTree ├── accepts@1.3.3
71 silly idealTree ├── acorn-globals@1.0.9
71 silly idealTree ├── acorn@2.7.0
71 silly idealTree ├── align-text@0.1.4
71 silly idealTree ├── amdefine@1.0.1
71 silly idealTree ├── ansi-regex@2.0.0
71 silly idealTree ├── ansi-styles@2.2.1
71 silly idealTree ├── array-flatten@1.1.1
71 silly idealTree ├── asap@1.0.0
71 silly idealTree ├── asn1@0.2.3
71 silly idealTree ├── assert-plus@0.2.0
71 silly idealTree ├── async@0.2.10
71 silly idealTree ├── asynckit@0.4.0
71 silly idealTree ├── aws-sdk@2.6.15
71 silly idealTree ├── aws-sign2@0.6.0
71 silly idealTree ├── aws4@1.5.0
71 silly idealTree ├── base64-js@1.2.0
71 silly idealTree ├── base64-url@1.3.3
71 silly idealTree ├── basic-auth@1.0.4
71 silly idealTree ├── bcrypt-pbkdf@1.0.0
71 silly idealTree ├── body-parser@1.15.2
71 silly idealTree ├── boom@2.10.1
71 silly idealTree ├── buffer@4.9.1
71 silly idealTree ├── bytes@2.4.0
71 silly idealTree ├── camelcase@1.2.1
71 silly idealTree ├── caseless@0.11.0
71 silly idealTree ├── center-align@0.1.3
71 silly idealTree ├── chalk@1.1.3
71 silly idealTree ├── character-parser@1.2.1
71 silly idealTree ├─┬ clean-css@3.4.20
71 silly idealTree │ └── commander@2.8.1
71 silly idealTree ├─┬ cliui@2.1.0
71 silly idealTree │ └── wordwrap@0.0.2
71 silly idealTree ├── combined-stream@1.0.5
71 silly idealTree ├── commander@2.6.0
71 silly idealTree ├── constantinople@3.0.2
71 silly idealTree ├── content-disposition@0.5.1
71 silly idealTree ├── content-type@1.0.2
71 silly idealTree ├── cookie-signature@1.0.6
71 silly idealTree ├── cookie@0.3.1
71 silly idealTree ├── crc@3.4.1
71 silly idealTree ├── cryptiles@2.0.5
71 silly idealTree ├── crypto-browserify@1.0.9
71 silly idealTree ├── css-parse@1.0.4
71 silly idealTree ├── css-stringify@1.0.5
71 silly idealTree ├── css@1.0.8
71 silly idealTree ├─┬ dashdash@1.14.0
71 silly idealTree │ └── assert-plus@1.0.0
71 silly idealTree ├── debug@2.2.0
71 silly idealTree ├── decamelize@1.2.0
71 silly idealTree ├── delayed-stream@1.0.0
71 silly idealTree ├── depd@1.1.0
71 silly idealTree ├── destroy@1.0.4
71 silly idealTree ├── dynamodb-doc@1.0.0
71 silly idealTree ├── ecc-jsbn@0.1.1
71 silly idealTree ├── ee-first@1.1.1
71 silly idealTree ├── encodeurl@1.0.1
71 silly idealTree ├── escape-html@1.0.3
71 silly idealTree ├── escape-string-regexp@1.0.5
71 silly idealTree ├── etag@1.7.0
71 silly idealTree ├── express-session@1.14.2
71 silly idealTree ├── express@4.14.0
71 silly idealTree ├── extend@3.0.0
71 silly idealTree ├── extsprintf@1.0.2
71 silly idealTree ├── finalhandler@0.5.0
71 silly idealTree ├── forever-agent@0.6.1
71 silly idealTree ├── form-data@2.1.2
71 silly idealTree ├── forwarded@0.1.0
71 silly idealTree ├── fresh@0.3.0
71 silly idealTree ├── generate-function@2.0.0
71 silly idealTree ├── generate-object-property@1.2.0
71 silly idealTree ├─┬ getpass@0.1.6
71 silly idealTree │ └── assert-plus@1.0.0
71 silly idealTree ├── graceful-readlink@1.0.1
71 silly idealTree ├─┬ har-validator@2.0.6
71 silly idealTree │ └── commander@2.9.0
71 silly idealTree ├── has-ansi@2.0.0
71 silly idealTree ├── hawk@3.1.3
71 silly idealTree ├── hoek@2.16.3
71 silly idealTree ├── http-errors@1.5.0
71 silly idealTree ├── http-signature@1.1.1
71 silly idealTree ├── iconv-lite@0.4.13
71 silly idealTree ├── ieee754@1.1.8
71 silly idealTree ├── inherits@2.0.1
71 silly idealTree ├── ipaddr.js@1.1.1
71 silly idealTree ├── is-buffer@1.1.4
71 silly idealTree ├── is-my-json-valid@2.15.0
71 silly idealTree ├── is-promise@2.1.0
71 silly idealTree ├── is-property@1.0.2
71 silly idealTree ├── is-typedarray@1.0.0
71 silly idealTree ├── isarray@1.0.0
71 silly idealTree ├── isstream@0.1.2
71 silly idealTree ├── jade@1.11.0
71 silly idealTree ├── jmespath@0.15.0
71 silly idealTree ├── jodid25519@1.0.2
71 silly idealTree ├── jsbn@0.1.0
71 silly idealTree ├── json-schema@0.2.3
71 silly idealTree ├── json-stringify-safe@5.0.1
71 silly idealTree ├── jsonpointer@4.0.0
71 silly idealTree ├── jsprim@1.3.1
71 silly idealTree ├── jstransformer@0.0.2
71 silly idealTree ├── kind-of@3.0.4
71 silly idealTree ├── lazy-cache@1.0.4
71 silly idealTree ├── lodash@4.16.6
71 silly idealTree ├── longest@1.0.1
71 silly idealTree ├── media-typer@0.3.0
71 silly idealTree ├── merge-descriptors@1.0.1
71 silly idealTree ├── methods@1.1.2
71 silly idealTree ├── mime-db@1.24.0
71 silly idealTree ├── mime-types@2.1.12
71 silly idealTree ├── mime@1.3.4
71 silly idealTree ├── minimist@0.0.8
71 silly idealTree ├── mkdirp@0.5.1
71 silly idealTree ├── moment@2.15.2
71 silly idealTree ├── morgan@1.7.0
71 silly idealTree ├── ms@0.7.1
71 silly idealTree ├── negotiator@0.6.1
71 silly idealTree ├── node-snowball@0.1.15
71 silly idealTree ├── node-uuid@1.4.7
71 silly idealTree ├── oauth-sign@0.8.2
71 silly idealTree ├── on-finished@2.3.0
71 silly idealTree ├── on-headers@1.0.1
71 silly idealTree ├── optimist@0.3.7
71 silly idealTree ├── parseurl@1.3.1
71 silly idealTree ├── path-to-regexp@0.1.7
71 silly idealTree ├── path@0.12.7
71 silly idealTree ├── pinkie-promise@2.0.1
71 silly idealTree ├── pinkie@2.0.4
71 silly idealTree ├── process@0.11.9
71 silly idealTree ├── promise@6.1.0
71 silly idealTree ├── proxy-addr@1.1.2
71 silly idealTree ├── punycode@1.3.2
71 silly idealTree ├── qs@6.2.0
71 silly idealTree ├── querystring@0.2.0
71 silly idealTree ├── random-bytes@1.0.0
71 silly idealTree ├── range-parser@1.2.0
71 silly idealTree ├── raw-body@2.1.7
71 silly idealTree ├── repeat-string@1.6.1
71 silly idealTree ├─┬ request@2.78.0
71 silly idealTree │ └── qs@6.3.0
71 silly idealTree ├── right-align@0.1.3
71 silly idealTree ├── sax@1.1.5
71 silly idealTree ├── send@0.14.1
71 silly idealTree ├── serve-static@1.11.1
71 silly idealTree ├── setprototypeof@1.0.1
71 silly idealTree ├── snowball@0.3.1
71 silly idealTree ├── sntp@1.0.9
71 silly idealTree ├── source-map@0.4.4
71 silly idealTree ├─┬ sshpk@1.10.1
71 silly idealTree │ └── assert-plus@1.0.0
71 silly idealTree ├── statuses@1.3.0
71 silly idealTree ├── stringstream@0.0.5
71 silly idealTree ├── strip-ansi@3.0.1
71 silly idealTree ├── supports-color@2.0.0
71 silly idealTree ├─┬ tough-cookie@2.3.2
71 silly idealTree │ └── punycode@1.4.1
71 silly idealTree ├─┬ transformers@2.1.0
71 silly idealTree │ ├── is-promise@1.0.1
71 silly idealTree │ ├── promise@2.0.0
71 silly idealTree │ ├── source-map@0.1.43
71 silly idealTree │ └── uglify-js@2.2.5
71 silly idealTree ├── tunnel-agent@0.4.3
71 silly idealTree ├── tweetnacl@0.14.3
71 silly idealTree ├── type-is@1.6.13
71 silly idealTree ├─┬ uglify-js@2.7.4
71 silly idealTree │ └── source-map@0.5.6
71 silly idealTree ├── uglify-to-browserify@1.0.2
71 silly idealTree ├── uid-safe@2.1.3
71 silly idealTree ├── unpipe@1.0.0
71 silly idealTree ├── url@0.10.3
71 silly idealTree ├── util@0.10.3
71 silly idealTree ├── utils-merge@1.0.0
71 silly idealTree ├── vary@1.1.0
71 silly idealTree ├── verror@1.3.6
71 silly idealTree ├── void-elements@2.0.1
71 silly idealTree ├── window-size@0.1.0
71 silly idealTree ├─┬ with@4.0.3
71 silly idealTree │ └── acorn@1.2.2
71 silly idealTree ├── wordwrap@0.0.3
71 silly idealTree ├── xml2js@0.4.15
71 silly idealTree ├─┬ xmlbuilder@2.6.2
71 silly idealTree │ └── lodash@3.5.0
71 silly idealTree ├── xtend@4.0.1
71 silly idealTree └── yargs@3.10.0
72 silly generateActionsToTake Starting
73 silly install generateActionsToTake
74 silly generateActionsToTake Finishing
75 silly diffTrees action count 1
76 silly diffTrees add node-snowball@0.1.15
77 silly decomposeActions action count 8
78 silly decomposeActions fetch node-snowball@0.1.15
79 silly decomposeActions extract node-snowball@0.1.15
80 silly decomposeActions preinstall node-snowball@0.1.15
81 silly decomposeActions build node-snowball@0.1.15
82 silly decomposeActions install node-snowball@0.1.15
83 silly decomposeActions postinstall node-snowball@0.1.15
84 silly decomposeActions test node-snowball@0.1.15
85 silly decomposeActions finalize node-snowball@0.1.15
86 silly executeActions Starting
87 silly install executeActions
88 silly doSerial global-install 0
89 silly doParallel fetch 1
90 verbose lock using /Users/Zack/.npm/_locks/staging-c33823f5b14026ff.lock for /Users/Zack/Developer/maple/web_app/node_modules/.staging
91 silly doParallel extract 1
92 silly extract node-snowball@0.1.15
93 verbose unbuild node_modules/.staging/node-snowball-ed11621ee90ddc7d7ea84cfe7130571d
94 silly gentlyRm /Users/Zack/Developer/maple/web_app/node_modules/.staging/node-snowball-ed11621ee90ddc7d7ea84cfe7130571d is being purged from base /Users/Zack/Developer/maple/web_app
95 verbose gentlyRm don't care about contents; nuking /Users/Zack/Developer/maple/web_app/node_modules/.staging/node-snowball-ed11621ee90ddc7d7ea84cfe7130571d
96 verbose tar unpack /Users/Zack/.npm/node-snowball/0.1.15/package.tgz
97 verbose tar unpacking to /Users/Zack/Developer/maple/web_app/node_modules/.staging/node-snowball-ed11621ee90ddc7d7ea84cfe7130571d
98 silly gentlyRm /Users/Zack/Developer/maple/web_app/node_modules/.staging/node-snowball-ed11621ee90ddc7d7ea84cfe7130571d is being purged
99 verbose gentlyRm don't care about contents; nuking /Users/Zack/Developer/maple/web_app/node_modules/.staging/node-snowball-ed11621ee90ddc7d7ea84cfe7130571d
100 silly gunzTarPerm modes [ '755', '644' ]
101 silly gunzTarPerm extractEntry package.json
102 silly gunzTarPerm extractEntry .npmignore
103 silly gunzTarPerm extractEntry README.md
104 silly gunzTarPerm extractEntry LICENSE
105 silly gunzTarPerm extractEntry index.js
106 silly gunzTarPerm extractEntry run.js
107 silly gunzTarPerm extractEntry .travis.yml
108 silly gunzTarPerm extractEntry binding.gyp
109 silly gunzTarPerm extractEntry src/.npmignore
110 silly gunzTarPerm extractEntry src/libstemmer/README
111 silly gunzTarPerm extractEntry src/libstemmer/MANIFEST
112 silly gunzTarPerm extractEntry src/libstemmer/Makefile
113 silly gunzTarPerm extractEntry src/libstemmer/examples/stemwords.c
114 silly gunzTarPerm extractEntry src/libstemmer/include/libstemmer.h
115 silly gunzTarPerm extractEntry src/libstemmer/libstemmer/libstemmer.c
116 silly gunzTarPerm extractEntry src/libstemmer/libstemmer/libstemmer_c.in
117 silly gunzTarPerm extractEntry src/libstemmer/libstemmer/libstemmer_utf8.c
118 silly gunzTarPerm extractEntry src/libstemmer/libstemmer/modules.h
119 silly gunzTarPerm extractEntry src/libstemmer/libstemmer/modules.txt
120 silly gunzTarPerm extractEntry src/libstemmer/libstemmer/modules_utf8.h
121 silly gunzTarPerm extractEntry src/libstemmer/libstemmer/modules_utf8.txt
122 silly gunzTarPerm extractEntry src/libstemmer/mkinc.mak
123 silly gunzTarPerm extractEntry src/libstemmer/mkinc_utf8.mak
124 silly gunzTarPerm extractEntry src/libstemmer/runtime/api.c
125 silly gunzTarPerm extractEntry src/libstemmer/runtime/api.h
126 silly gunzTarPerm extractEntry src/libstemmer/runtime/header.h
127 silly gunzTarPerm extractEntry src/libstemmer/runtime/utilities.c
128 silly gunzTarPerm extractEntry src/libstemmer/src_c/stem_UTF_8_danish.h
129 silly gunzTarPerm extractEntry src/libstemmer/src_c/stem_ISO_8859_1_danish.c
130 silly gunzTarPerm extractEntry src/libstemmer/src_c/stem_ISO_8859_1_dutch.c
131 silly gunzTarPerm extractEntry src/libstemmer/src_c/stem_ISO_8859_1_dutch.h
132 silly gunzTarPerm extractEntry src/libstemmer/src_c/stem_ISO_8859_1_english.c
133 silly gunzTarPerm extractEntry src/libstemmer/src_c/stem_ISO_8859_1_english.h
134 silly gunzTarPerm extractEntry src/libstemmer/src_c/stem_ISO_8859_1_finnish.c
135 silly gunzTarPerm extractEntry src/libstemmer/src_c/stem_ISO_8859_1_finnish.h
136 silly gunzTarPerm extractEntry src/libstemmer/src_c/stem_ISO_8859_1_french.c
137 silly gunzTarPerm extractEntry src/libstemmer/src_c/stem_ISO_8859_1_french.h
138 silly gunzTarPerm extractEntry src/libstemmer/src_c/stem_ISO_8859_1_german.c
139 silly gunzTarPerm extractEntry src/libstemmer/src_c/stem_ISO_8859_1_german.h
140 silly gunzTarPerm extractEntry src/libstemmer/src_c/stem_ISO_8859_1_hungarian.c
141 silly gunzTarPerm extractEntry src/libstemmer/src_c/stem_ISO_8859_1_hungarian.h
142 silly gunzTarPerm extractEntry src/libstemmer/src_c/stem_ISO_8859_1_italian.c
143 silly gunzTarPerm extractEntry src/libstemmer/src_c/stem_ISO_8859_1_italian.h
144 silly gunzTarPerm extractEntry src/libstemmer/src_c/stem_ISO_8859_1_norwegian.c
145 silly gunzTarPerm extractEntry src/libstemmer/src_c/stem_ISO_8859_1_norwegian.h
146 silly gunzTarPerm extractEntry src/libstemmer/src_c/stem_ISO_8859_1_porter.c
147 silly gunzTarPerm extractEntry src/libstemmer/src_c/stem_ISO_8859_1_porter.h
148 silly gunzTarPerm extractEntry src/libstemmer/src_c/stem_ISO_8859_1_portuguese.c
149 silly gunzTarPerm extractEntry src/libstemmer/src_c/stem_ISO_8859_1_portuguese.h
150 silly gunzTarPerm extractEntry src/libstemmer/src_c/stem_ISO_8859_1_spanish.c
151 silly gunzTarPerm extractEntry src/libstemmer/src_c/stem_ISO_8859_1_spanish.h
152 silly gunzTarPerm extractEntry src/libstemmer/src_c/stem_ISO_8859_1_swedish.c
153 silly gunzTarPerm extractEntry src/libstemmer/src_c/stem_ISO_8859_1_swedish.h
154 silly gunzTarPerm extractEntry src/libstemmer/src_c/stem_ISO_8859_2_romanian.c
155 silly gunzTarPerm extractEntry src/libstemmer/src_c/stem_ISO_8859_2_romanian.h
156 silly gunzTarPerm extractEntry src/libstemmer/src_c/stem_KOI8_R_russian.c
157 silly gunzTarPerm extractEntry src/libstemmer/src_c/stem_KOI8_R_russian.h
158 silly gunzTarPerm extractEntry src/libstemmer/src_c/stem_UTF_8_danish.c
159 silly gunzTarPerm extractEntry src/libstemmer/src_c/stem_ISO_8859_1_danish.h
160 silly gunzTarPerm extractEntry src/libstemmer/src_c/stem_UTF_8_dutch.c
161 silly gunzTarPerm extractEntry src/libstemmer/src_c/stem_UTF_8_dutch.h
162 silly gunzTarPerm extractEntry src/libstemmer/src_c/stem_UTF_8_dutch_bad.c
163 silly gunzTarPerm extractEntry src/libstemmer/src_c/stem_UTF_8_english.c
164 silly gunzTarPerm extractEntry src/libstemmer/src_c/stem_UTF_8_english.h
165 silly gunzTarPerm extractEntry src/libstemmer/src_c/stem_UTF_8_finnish.c
166 silly gunzTarPerm extractEntry src/libstemmer/src_c/stem_UTF_8_finnish.h
167 silly gunzTarPerm extractEntry src/libstemmer/src_c/stem_UTF_8_french.c
168 silly gunzTarPerm extractEntry src/libstemmer/src_c/stem_UTF_8_french.h
169 silly gunzTarPerm extractEntry src/libstemmer/src_c/stem_UTF_8_german.c
170 silly gunzTarPerm extractEntry src/libstemmer/src_c/stem_UTF_8_german.h
171 silly gunzTarPerm extractEntry src/libstemmer/src_c/stem_UTF_8_hungarian.c
172 silly gunzTarPerm extractEntry src/libstemmer/src_c/stem_UTF_8_hungarian.h
173 silly gunzTarPerm extractEntry src/libstemmer/src_c/stem_UTF_8_italian.c
174 silly gunzTarPerm extractEntry src/libstemmer/src_c/stem_UTF_8_italian.h
175 silly gunzTarPerm extractEntry src/libstemmer/src_c/stem_UTF_8_norwegian.c
176 silly gunzTarPerm extractEntry src/libstemmer/src_c/stem_UTF_8_norwegian.h
177 silly gunzTarPerm extractEntry src/libstemmer/src_c/stem_UTF_8_porter.c
178 silly gunzTarPerm extractEntry src/libstemmer/src_c/stem_UTF_8_porter.h
179 silly gunzTarPerm extractEntry src/libstemmer/src_c/stem_UTF_8_portuguese.c
180 silly gunzTarPerm extractEntry src/libstemmer/src_c/stem_UTF_8_portuguese.h
181 silly gunzTarPerm extractEntry src/libstemmer/src_c/stem_UTF_8_romanian.c
182 silly gunzTarPerm extractEntry src/libstemmer/src_c/stem_UTF_8_romanian.h
183 silly gunzTarPerm extractEntry src/libstemmer/src_c/stem_UTF_8_russian.c
184 silly gunzTarPerm extractEntry src/libstemmer/src_c/stem_UTF_8_russian.h
185 silly gunzTarPerm extractEntry src/libstemmer/src_c/stem_UTF_8_spanish.c
186 silly gunzTarPerm extractEntry src/libstemmer/src_c/stem_UTF_8_spanish.h
187 silly gunzTarPerm extractEntry src/libstemmer/src_c/stem_UTF_8_swedish.c
188 silly gunzTarPerm extractEntry src/libstemmer/src_c/stem_UTF_8_swedish.h
189 silly gunzTarPerm extractEntry src/libstemmer/src_c/stem_UTF_8_turkish.c
190 silly gunzTarPerm extractEntry src/libstemmer/src_c/stem_UTF_8_turkish.h
191 silly gunzTarPerm extractEntry src/snowball.cpp
192 silly gunzTarPerm extractEntry test/test-stemword.js
193 silly gunzTarPerm extractEntry test/english.json
194 silly gunzTarPerm extractEntry test/french.json
195 silly doParallel preinstall 1
196 silly preinstall node-snowball@0.1.15 /Users/Zack/Developer/maple/web_app/node_modules/.staging/node-snowball-ed11621ee90ddc7d7ea84cfe7130571d
197 info lifecycle node-snowball@0.1.15~preinstall: node-snowball@0.1.15
198 silly lifecycle node-snowball@0.1.15~preinstall: no script for preinstall, continuing
199 silly doReverseSerial remove 0
200 silly doSerial move 0
201 silly doSerial finalize 1
202 silly finalize /Users/Zack/Developer/maple/web_app/node_modules/node-snowball
203 silly doSerial build 1
204 silly build node-snowball@0.1.15
205 info linkStuff node-snowball@0.1.15
206 silly linkStuff node-snowball@0.1.15 has /Users/Zack/Developer/maple/web_app/node_modules as its parent node_modules
207 verbose linkBins node-snowball@0.1.15
208 verbose linkMans node-snowball@0.1.15
209 silly doSerial global-link 0
210 silly doParallel update-linked 0
211 silly doSerial install 1
212 silly install node-snowball@0.1.15 /Users/Zack/Developer/maple/web_app/node_modules/.staging/node-snowball-ed11621ee90ddc7d7ea84cfe7130571d
213 info lifecycle node-snowball@0.1.15~install: node-snowball@0.1.15
214 verbose lifecycle node-snowball@0.1.15~install: unsafe-perm in lifecycle true
215 verbose lifecycle node-snowball@0.1.15~install: PATH: /usr/local/lib/node_modules/npm/bin/node-gyp-bin:/Users/Zack/Developer/maple/web_app/node_modules/node-snowball/node_modules/.bin:/Users/Zack/Developer/maple/web_app/node_modules/.bin:/usr/local/bin:/usr/bin:/bin:/usr/sbin:/sbin:/opt/X11/bin:/usr/local/git/bin:/usr/local/go/bin:/Library/TeX/texbin:/usr/local/go/bin
216 verbose lifecycle node-snowball@0.1.15~install: CWD: /Users/Zack/Developer/maple/web_app/node_modules/node-snowball
217 silly lifecycle node-snowball@0.1.15~install: Args: [ '-c', 'node-gyp rebuild' ]
218 silly lifecycle node-snowball@0.1.15~install: Returned: code: 1  signal: null
219 info lifecycle node-snowball@0.1.15~install: Failed to exec install script
220 verbose unlock done using /Users/Zack/.npm/_locks/staging-c33823f5b14026ff.lock for /Users/Zack/Developer/maple/web_app/node_modules/.staging
221 silly rollbackFailedOptional Starting
222 silly rollbackFailedOptional Finishing
223 silly runTopLevelLifecycles Starting
224 silly runTopLevelLifecycles Finishing
225 silly install printInstalled
226 warn EPACKAGEJSON web_app@1.0.0 No repository field.
227 verbose stack Error: node-snowball@0.1.15 install: `node-gyp rebuild`
227 verbose stack Exit status 1
227 verbose stack     at EventEmitter.<anonymous> (/usr/local/lib/node_modules/npm/lib/utils/lifecycle.js:233:16)
227 verbose stack     at emitTwo (events.js:87:13)
227 verbose stack     at EventEmitter.emit (events.js:172:7)
227 verbose stack     at ChildProcess.<anonymous> (/usr/local/lib/node_modules/npm/lib/utils/spawn.js:24:14)
227 verbose stack     at emitTwo (events.js:87:13)
227 verbose stack     at ChildProcess.emit (events.js:172:7)
227 verbose stack     at maybeClose (internal/child_process.js:818:16)
227 verbose stack     at Process.ChildProcess._handle.onexit (internal/child_process.js:211:5)
228 verbose pkgid node-snowball@0.1.15
229 verbose cwd /Users/Zack/Developer/maple/web_app/scripts
230 error Darwin 15.0.0
231 error argv "/usr/local/Cellar/node/5.0.0/bin/node" "/usr/local/bin/npm" "install" "node-snowball" "--save"
232 error node v5.0.0
233 error npm  v3.3.9
234 error code ELIFECYCLE
235 error node-snowball@0.1.15 install: `node-gyp rebuild`
235 error Exit status 1
236 error Failed at the node-snowball@0.1.15 install script 'node-gyp rebuild'.
236 error This is most likely a problem with the node-snowball package,
236 error not with npm itself.
236 error Tell the author that this fails on your system:
236 error     node-gyp rebuild
236 error You can get their info via:
236 error     npm owner ls node-snowball
236 error There is likely additional logging output above.
237 verbose exit [ 1, true ]
